0 info it worked if it ends with ok
1 verbose cli [ '/usr/local/bin/node', '/usr/local/bin/npm', 'publish' ]
2 info using npm@2.15.0
3 info using node@v4.4.2
4 verbose publish [ '.' ]
5 silly cache add args [ '.', null ]
6 verbose cache add spec .
7 silly cache add parsed spec Result {
7 silly cache add   raw: '.',
7 silly cache add   scope: null,
7 silly cache add   name: null,
7 silly cache add   rawSpec: '.',
7 silly cache add   spec: '/Users/yishengcl/Desktop/react-native/react-native-iconfont-text',
7 silly cache add   type: 'directory' }
8 verbose addLocalDirectory /Users/yishengcl/.npm/react-native-iconfont-text/1.0.0/package.tgz not in flight; packing
9 verbose correctMkdir /Users/yishengcl/.npm correctMkdir not in flight; initializing
10 verbose tar pack [ '/Users/yishengcl/.npm/react-native-iconfont-text/1.0.0/package.tgz',
10 verbose tar pack   '/Users/yishengcl/Desktop/react-native/react-native-iconfont-text' ]
11 verbose tarball /Users/yishengcl/.npm/react-native-iconfont-text/1.0.0/package.tgz
12 verbose folder /Users/yishengcl/Desktop/react-native/react-native-iconfont-text
13 info prepublish react-native-iconfont-text@1.0.0
14 verbose addLocalTarball adding from inside cache /Users/yishengcl/.npm/react-native-iconfont-text/1.0.0/package.tgz
15 verbose correctMkdir /Users/yishengcl/.npm correctMkdir not in flight; initializing
16 silly cache afterAdd react-native-iconfont-text@1.0.0
17 verbose afterAdd /Users/yishengcl/.npm/react-native-iconfont-text/1.0.0/package/package.json not in flight; writing
18 verbose correctMkdir /Users/yishengcl/.npm correctMkdir not in flight; initializing
19 verbose afterAdd /Users/yishengcl/.npm/react-native-iconfont-text/1.0.0/package/package.json written
20 silly publish { name: 'react-native-iconfont-text',
20 silly publish   repository:
20 silly publish    { type: 'git',
20 silly publish      url: 'git+ssh://git@github.com/dersoncheng/react-native-iconfont-text.git' },
20 silly publish   keywords: [ 'react-component', 'react-native', 'javascript', 'android' ],
20 silly publish   main: 'libs/index.js',
20 silly publish   author: { name: 'dersoncheng' },
20 silly publish   version: '1.0.0',
20 silly publish   description: 'ActionBar component for React Native.',
20 silly publish   license: 'MIT',
20 silly publish   private: true,
20 silly publish   scripts: { start: 'node node_modules/react-native/local-cli/cli.js start' },
20 silly publish   bugs: { url: 'https://github.com/dersoncheng/react_native_actionbar/issues' },
20 silly publish   dependencies: { react: '^0.14.8', 'react-native': '^0.25.1' },
20 silly publish   readme: '### React Native的iconfont组件\n\n',
20 silly publish   readmeFilename: 'README.md',
20 silly publish   gitHead: '1147648c81cdd25e0347acbeae8c4f817c17a89a',
20 silly publish   homepage: 'https://github.com/dersoncheng/react-native-iconfont-text#readme',
20 silly publish   _id: 'react-native-iconfont-text@1.0.0',
20 silly publish   _shasum: 'e9a6215457e3dd72b0adf99853817bba35641c03',
20 silly publish   _from: '.' }
21 verbose getPublishConfig undefined
22 verbose stack Error: This package has been marked as private
22 verbose stack Remove the 'private' field from the package.json to publish it.
22 verbose stack     at publish_ (/usr/local/lib/node_modules/npm/lib/publish.js:98:5)
22 verbose stack     at Array.<anonymous> (/usr/local/lib/node_modules/npm/node_modules/slide/lib/bind-actor.js:15:8)
22 verbose stack     at LOOP (/usr/local/lib/node_modules/npm/node_modules/slide/lib/chain.js:15:14)
22 verbose stack     at LOOP (/usr/local/lib/node_modules/npm/node_modules/slide/lib/chain.js:14:28)
22 verbose stack     at chain (/usr/local/lib/node_modules/npm/node_modules/slide/lib/chain.js:20:5)
22 verbose stack     at /usr/local/lib/node_modules/npm/lib/publish.js:73:5
22 verbose stack     at RES (/usr/local/lib/node_modules/npm/node_modules/inflight/inflight.js:23:14)
22 verbose stack     at f (/usr/local/lib/node_modules/npm/node_modules/once/once.js:17:25)
22 verbose stack     at /usr/local/lib/node_modules/npm/lib/cache.js:351:14
22 verbose stack     at /usr/local/lib/node_modules/npm/node_modules/write-file-atomic/index.js:29:9
23 verbose cwd /Users/yishengcl/Desktop/react-native/react-native-iconfont-text
24 error Darwin 14.5.0
25 error argv "/usr/local/bin/node" "/usr/local/bin/npm" "publish"
26 error node v4.4.2
27 error npm  v2.15.0
28 error This package has been marked as private
28 error Remove the 'private' field from the package.json to publish it.
29 error If you need help, you may report this error at:
29 error     <https://github.com/npm/npm/issues>
30 verbose exit [ 1, true ]
